2023-06-15 16:41:20.819  INFO TTPOS_PC20 --- [kground-preinit] o.h.v.i.u.Version                        : HV000001: Hibernate Validator 6.1.7.Final
2023-06-15 16:41:20.931  INFO TTPOS_PC20 --- [           main] c.d.DemoAdminApplication                 : Starting DemoAdminApplication on TTPOS_PC20 with PID 1820 (C:\Users\ming.yuen\intellij\demo-spring-boot\demo-admin\target\classes started by ming.yuen in C:\Users\ming.yuen\intellij\demo-spring-boot)
2023-06-15 16:41:20.938  INFO TTPOS_PC20 --- [           main] c.d.DemoAdminApplication                 : No active profile set, falling back to default profiles: default
2023-06-15 16:41:22.921  INFO TTPOS_PC20 --- [           main] .s.d.r.c.RepositoryConfigurationDelegate : Bootstrapping Spring Data JPA repositories in DEFAULT mode.
2023-06-15 16:41:23.098  INFO TTPOS_PC20 --- [           main] .s.d.r.c.RepositoryConfigurationDelegate : Finished Spring Data repository scanning in 162ms. Found 4 JPA repository interfaces.
2023-06-15 16:41:24.245  INFO TTPOS_PC20 --- [           main] o.s.b.w.e.t.TomcatWebServer              : Tomcat initialized with port(s): 8081 (http)
2023-06-15 16:41:24.259  INFO TTPOS_PC20 --- [           main] o.a.c.h.Http11NioProtocol                : Initializing ProtocolHandler ["http-nio-8081"]
2023-06-15 16:41:24.259  INFO TTPOS_PC20 --- [           main] o.a.c.c.StandardService                  : Starting service [Tomcat]
2023-06-15 16:41:24.259  INFO TTPOS_PC20 --- [           main] o.a.c.c.StandardEngine                   : Starting Servlet engine: [Apache Tomcat/9.0.46]
2023-06-15 16:41:24.481  INFO TTPOS_PC20 --- [           main] o.a.c.c.C.[.[.[/]                        : Initializing Spring embedded WebApplicationContext
2023-06-15 16:41:24.482  INFO TTPOS_PC20 --- [           main] w.s.c.ServletWebServerApplicationContext : Root WebApplicationContext: initialization completed in 3466 ms
2023-06-15 16:41:24.600  WARN TTPOS_PC20 --- [           main] JpaBaseConfiguration$JpaWebConfiguration : spring.jpa.open-in-view is enabled by default. Therefore, database queries may be performed during view rendering. Explicitly configure spring.jpa.open-in-view to disable this warning
2023-06-15 16:41:24.941  INFO TTPOS_PC20 --- [           main] o.h.j.i.u.LogHelper                      : HHH000204: Processing PersistenceUnitInfo [name: default]
2023-06-15 16:41:25.051  INFO TTPOS_PC20 --- [           main] o.h.Version                              : HHH000412: Hibernate ORM core version 5.4.32.Final
2023-06-15 16:41:25.312  INFO TTPOS_PC20 --- [           main] o.h.a.c.Version                          : HCANN000001: Hibernate Commons Annotations {5.1.2.Final}
2023-06-15 16:41:25.579  INFO TTPOS_PC20 --- [           main] c.z.h.HikariDataSource                   : HikariPool-1 - Starting...
2023-06-15 16:41:25.797  INFO TTPOS_PC20 --- [           main] c.z.h.HikariDataSource                   : HikariPool-1 - Start completed.
2023-06-15 16:41:25.828  INFO TTPOS_PC20 --- [           main] o.h.d.Dialect                            : HHH000400: Using dialect: org.hibernate.dialect.MySQL8Dialect
2023-06-15 16:41:28.568  INFO TTPOS_PC20 --- [           main] o.h.e.t.j.p.i.JtaPlatformInitiator       : HHH000490: Using JtaPlatform implementation: [org.hibernate.engine.transaction.jta.platform.internal.NoJtaPlatform]
2023-06-15 16:41:28.584  INFO TTPOS_PC20 --- [           main] j.LocalContainerEntityManagerFactoryBean : Initialized JPA EntityManagerFactory for persistence unit 'default'
2023-06-15 16:41:30.150  INFO TTPOS_PC20 --- [           main] o.s.s.w.DefaultSecurityFilterChain       : Creating filter chain: any request, [org.springframework.security.web.context.request.async.WebAsyncManagerIntegrationFilter@3adde4ea, org.springframework.security.web.context.SecurityContextPersistenceFilter@2411b935, org.springframework.security.web.header.HeaderWriterFilter@229749f0, org.springframework.security.web.authentication.logout.LogoutFilter@5f8df69, com.demo.security.filter.JwtAuthenticationTokenFilter@713e7d9a, org.springframework.security.web.savedrequest.RequestCacheAwareFilter@194e78af, org.springframework.security.web.servletapi.SecurityContextHolderAwareRequestFilter@5a9051fd, org.springframework.security.web.authentication.AnonymousAuthenticationFilter@75663443, org.springframework.security.web.session.SessionManagementFilter@626df173, org.springframework.security.web.access.ExceptionTranslationFilter@70bc3a9c, org.springframework.security.web.access.intercept.FilterSecurityInterceptor@7294a684]
2023-06-15 16:41:30.291  INFO TTPOS_PC20 --- [           main] o.s.s.c.ThreadPoolTaskExecutor           : Initializing ExecutorService 'applicationTaskExecutor'
2023-06-15 16:41:30.560  INFO TTPOS_PC20 --- [           main] o.a.c.h.Http11NioProtocol                : Starting ProtocolHandler ["http-nio-8081"]
2023-06-15 16:41:30.588  INFO TTPOS_PC20 --- [           main] o.s.b.w.e.t.TomcatWebServer              : Tomcat started on port(s): 8081 (http) with context path ''
2023-06-15 16:41:30.951  INFO TTPOS_PC20 --- [           main] c.d.DemoAdminApplication                 : Started DemoAdminApplication in 10.679 seconds (JVM running for 12.297)
2023-06-15 16:41:30.953  INFO TTPOS_PC20 --- [           main] c.d.c.l.RefreshListener                  : catalina.base : C:\Users\ming.yuen\Documents\springboot.tomcat
2023-06-15 16:41:30.953  INFO TTPOS_PC20 --- [           main] c.d.c.l.RefreshListener                  : Database url : jdbc:mysql://localhost:3306/pos, username : root
2023-06-15 16:41:53.508  INFO TTPOS_PC20 --- [extShutdownHook] o.s.s.c.ThreadPoolTaskExecutor           : Shutting down ExecutorService 'applicationTaskExecutor'
2023-06-15 16:41:53.513  INFO TTPOS_PC20 --- [extShutdownHook] j.LocalContainerEntityManagerFactoryBean : Closing JPA EntityManagerFactory for persistence unit 'default'
2023-06-15 16:41:53.516  INFO TTPOS_PC20 --- [extShutdownHook] c.z.h.HikariDataSource                   : HikariPool-1 - Shutdown initiated...
2023-06-15 16:41:53.536  INFO TTPOS_PC20 --- [extShutdownHook] c.z.h.HikariDataSource                   : HikariPool-1 - Shutdown completed.
